Removed Pin From Net: NetName=NEUTRAL Pin=J1F_U_Relay1-1
Removed Pin From Net: NetName=NEUTRAL Pin=J1F_U_Relay2-1
Added Component: Designator=MP1E(WURTH 74650173)
Add component (AddParameter): Name = "ComponentLink1Description"; Value = "Datasheet"; VariantName = "[No Variations]"
Add component (AddParameter): Name = "ComponentLink1URL"; Value = "https://katalog.we-online.de/em/datasheet/74650173R.pdf"; VariantName = "[No Variations]"
Add component (AddParameter): Name = "ComponentLink2Description"; Value = "DigiKey Link"; VariantName = "[No Variations]"
Add component (AddParameter): Name = "ComponentLink2URL"; Value = "https://www.digikey.com/en/products/detail/würth-elektronik/74650173R/6643981"; VariantName = "[No Variations]"
Add component (AddParameter): Name = "Current Rating (Amps)"; Value = "50 A"; VariantName = "[No Variations]"
Add component (AddParameter): Name = "Features"; Value = "Screw not Included"; VariantName = "[No Variations]"
Add component (AddParameter): Name = "id"; Value = "4"; VariantName = "[No Variations]"
Add component (AddParameter): Name = "LastUpdated"; Value = "2022-08-07T20:42:53.530"; VariantName = "[No Variations]"
Add component (AddParameter): Name = "Lifecycle Status"; Value = "Active"; VariantName = "[No Variations]"
Add component (AddParameter): Name = "Manufacturer"; Value = "Würth Elektronik"; VariantName = "[No Variations]"
Add component (AddParameter): Name = "Minimum Order"; Value = "1"; VariantName = "[No Variations]"
Add component (AddParameter): Name = "Mounting Type"; Value = "Through Hole"; VariantName = "[No Variations]"
Add component (AddParameter): Name = "Number Of Pins"; Value = "4"; VariantName = "[No Variations]"
Add component (AddParameter): Name = "Packaging"; Value = "TapeAndReel"; VariantName = "[No Variations]"
Add component (AddParameter): Name = "Part Number"; Value = "74650173R"; VariantName = "[No Variations]"
Add component (AddParameter): Name = "Part Status"; Value = "Active"; VariantName = "[No Variations]"
Add component (AddParameter): Name = "Price"; Value = "2.63"; VariantName = "[No Variations]"
Add component (AddParameter): Name = "Screw Size"; Value = "M3"; VariantName = "[No Variations]"
Add component (AddParameter): Name = "Series"; Value = "REDCUBE WP-THRBU"; VariantName = "[No Variations]"
Add component (AddParameter): Name = "Supplier 1"; Value = "DigiKey"; VariantName = "[No Variations]"
Add component (AddParameter): Name = "Supplier Part Number 1"; Value = "732-10885-1-ND"; VariantName = "[No Variations]"
Add component (AddParameter): Name = "Terminal Type"; Value = "Screw Terminal, Power Tap"; VariantName = "[No Variations]"
Add component (AddParameter): Name = "Termination"; Value = "Solder"; VariantName = "[No Variations]"
Added Component: Designator=MP1F_U_Relay1(WURTH 74650173)
Add component (AddParameter): Name = "ComponentLink1Description"; Value = "Datasheet"; VariantName = "[No Variations]"
Add component (AddParameter): Name = "ComponentLink1URL"; Value = "https://katalog.we-online.de/em/datasheet/74650173R.pdf"; VariantName = "[No Variations]"
Add component (AddParameter): Name = "ComponentLink2Description"; Value = "DigiKey Link"; VariantName = "[No Variations]"
Add component (AddParameter): Name = "ComponentLink2URL"; Value = "https://www.digikey.com/en/products/detail/würth-elektronik/74650173R/6643981"; VariantName = "[No Variations]"
Add component (AddParameter): Name = "Current Rating (Amps)"; Value = "50 A"; VariantName = "[No Variations]"
Add component (AddParameter): Name = "Features"; Value = "Screw not Included"; VariantName = "[No Variations]"
Add component (AddParameter): Name = "id"; Value = "4"; VariantName = "[No Variations]"
Add component (AddParameter): Name = "LastUpdated"; Value = "2022-08-07T20:42:53.530"; VariantName = "[No Variations]"
Add component (AddParameter): Name = "Lifecycle Status"; Value = "Active"; VariantName = "[No Variations]"
Add component (AddParameter): Name = "Manufacturer"; Value = "Würth Elektronik"; VariantName = "[No Variations]"
Add component (AddParameter): Name = "Minimum Order"; Value = "1"; VariantName = "[No Variations]"
Add component (AddParameter): Name = "Mounting Type"; Value = "Through Hole"; VariantName = "[No Variations]"
Add component (AddParameter): Name = "Number Of Pins"; Value = "4"; VariantName = "[No Variations]"
Add component (AddParameter): Name = "Packaging"; Value = "TapeAndReel"; VariantName = "[No Variations]"
Add component (AddParameter): Name = "Part Number"; Value = "74650173R"; VariantName = "[No Variations]"
Add component (AddParameter): Name = "Part Status"; Value = "Active"; VariantName = "[No Variations]"
Add component (AddParameter): Name = "Price"; Value = "2.63"; VariantName = "[No Variations]"
Add component (AddParameter): Name = "Screw Size"; Value = "M3"; VariantName = "[No Variations]"
Add component (AddParameter): Name = "Series"; Value = "REDCUBE WP-THRBU"; VariantName = "[No Variations]"
Add component (AddParameter): Name = "Supplier 1"; Value = "DigiKey"; VariantName = "[No Variations]"
Add component (AddParameter): Name = "Supplier Part Number 1"; Value = "732-10885-1-ND"; VariantName = "[No Variations]"
Add component (AddParameter): Name = "Terminal Type"; Value = "Screw Terminal, Power Tap"; VariantName = "[No Variations]"
Add component (AddParameter): Name = "Termination"; Value = "Solder"; VariantName = "[No Variations]"
Added Component: Designator=MP1F_U_Relay2(WURTH 74650173)
Add component (AddParameter): Name = "ComponentLink1Description"; Value = "Datasheet"; VariantName = "[No Variations]"
Add component (AddParameter): Name = "ComponentLink1URL"; Value = "https://katalog.we-online.de/em/datasheet/74650173R.pdf"; VariantName = "[No Variations]"
Add component (AddParameter): Name = "ComponentLink2Description"; Value = "DigiKey Link"; VariantName = "[No Variations]"
Add component (AddParameter): Name = "ComponentLink2URL"; Value = "https://www.digikey.com/en/products/detail/würth-elektronik/74650173R/6643981"; VariantName = "[No Variations]"
Add component (AddParameter): Name = "Current Rating (Amps)"; Value = "50 A"; VariantName = "[No Variations]"
Add component (AddParameter): Name = "Features"; Value = "Screw not Included"; VariantName = "[No Variations]"
Add component (AddParameter): Name = "id"; Value = "4"; VariantName = "[No Variations]"
Add component (AddParameter): Name = "LastUpdated"; Value = "2022-08-07T20:42:53.530"; VariantName = "[No Variations]"
Add component (AddParameter): Name = "Lifecycle Status"; Value = "Active"; VariantName = "[No Variations]"
Add component (AddParameter): Name = "Manufacturer"; Value = "Würth Elektronik"; VariantName = "[No Variations]"
Add component (AddParameter): Name = "Minimum Order"; Value = "1"; VariantName = "[No Variations]"
Add component (AddParameter): Name = "Mounting Type"; Value = "Through Hole"; VariantName = "[No Variations]"
Add component (AddParameter): Name = "Number Of Pins"; Value = "4"; VariantName = "[No Variations]"
Add component (AddParameter): Name = "Packaging"; Value = "TapeAndReel"; VariantName = "[No Variations]"
Add component (AddParameter): Name = "Part Number"; Value = "74650173R"; VariantName = "[No Variations]"
Add component (AddParameter): Name = "Part Status"; Value = "Active"; VariantName = "[No Variations]"
Add component (AddParameter): Name = "Price"; Value = "2.63"; VariantName = "[No Variations]"
Add component (AddParameter): Name = "Screw Size"; Value = "M3"; VariantName = "[No Variations]"
Add component (AddParameter): Name = "Series"; Value = "REDCUBE WP-THRBU"; VariantName = "[No Variations]"
Add component (AddParameter): Name = "Supplier 1"; Value = "DigiKey"; VariantName = "[No Variations]"
Add component (AddParameter): Name = "Supplier Part Number 1"; Value = "732-10885-1-ND"; VariantName = "[No Variations]"
Add component (AddParameter): Name = "Terminal Type"; Value = "Screw Terminal, Power Tap"; VariantName = "[No Variations]"
Add component (AddParameter): Name = "Termination"; Value = "Solder"; VariantName = "[No Variations]"
Added Pin To Net: NetName=LINE Pin=MP1E-1
Added Pin To Net: NetName=LINE Pin=MP1E-1
Added Pin To Net: NetName=LINE Pin=MP1E-1
Added Pin To Net: NetName=LINE Pin=MP1E-1
Added Pin To Net: NetName=NetJ1F_U_Relay1_1 Pin=J1F_U_Relay1-1
Added Pin To Net: NetName=NetJ1F_U_Relay1_1 Pin=MP1F_U_Relay1-1
Added Pin To Net: NetName=NetJ1F_U_Relay1_1 Pin=MP1F_U_Relay1-1
Added Pin To Net: NetName=NetJ1F_U_Relay1_1 Pin=MP1F_U_Relay1-1
Added Pin To Net: NetName=NetJ1F_U_Relay1_1 Pin=MP1F_U_Relay1-1
Added Net: Name=NetJ1F_U_Relay1_1
Added Pin To Net: NetName=NetJ1F_U_Relay2_1 Pin=J1F_U_Relay2-1
Added Pin To Net: NetName=NetJ1F_U_Relay2_1 Pin=MP1F_U_Relay2-1
Added Pin To Net: NetName=NetJ1F_U_Relay2_1 Pin=MP1F_U_Relay2-1
Added Pin To Net: NetName=NetJ1F_U_Relay2_1 Pin=MP1F_U_Relay2-1
Added Pin To Net: NetName=NetJ1F_U_Relay2_1 Pin=MP1F_U_Relay2-1
Added Net: Name=NetJ1F_U_Relay2_1
Added Member To Class: ClassName=U_PowerSwitch Member=Component MP1E 74650173R
Added Member To Class: ClassName=U_Relay1 Member=Component MP1F_U_Relay1 (MP1F) 74650173R
Added Member To Class: ClassName=U_Relay2 Member=Component MP1F_U_Relay2 (MP1F) 74650173R
