Change Component Designator: Old Designator=A? New Designator=A1B
Change Component Designator: Old Designator=C? New Designator=C1B
Change Component Designator: Old Designator=C? New Designator=C2B
Change Component Designator: Old Designator=C? New Designator=C3B
Change Component Designator: Old Designator=C? New Designator=C4B
Change Component Designator: Old Designator=C? New Designator=C5B
Change Component Designator: Old Designator=C? New Designator=C6B
Change Component Designator: Old Designator=C? New Designator=C7B
Change Component Designator: Old Designator=C? New Designator=C8B
Change Component Designator: Old Designator=C? New Designator=C9B
Change Component Designator: Old Designator=C? New Designator=C10B
Change Component Designator: Old Designator=C? New Designator=C11B
Change Component Designator: Old Designator=C? New Designator=C12B
Change Component Designator: Old Designator=C? New Designator=C13B
Change Component Designator: Old Designator=C? New Designator=C14B
Change Component Designator: Old Designator=C? New Designator=C15B
Change Component Designator: Old Designator=C? New Designator=C16B
Change Component Designator: Old Designator=C? New Designator=C17B
Change Component Designator: Old Designator=C? New Designator=C18B
Change Component Designator: Old Designator=C? New Designator=C19B
Change Component Designator: Old Designator=FL? New Designator=FL1B
Change Component Designator: Old Designator=IC? New Designator=IC1B
Change Component Designator: Old Designator=L? New Designator=L1B
Change Component Designator: Old Designator=L? New Designator=L2B
Change Component Designator: Old Designator=L? New Designator=L3B
Change Component Designator: Old Designator=L? New Designator=L4B
Change Component Designator: Old Designator=L? New Designator=L5B
Change Component Designator: Old Designator=R? New Designator=R1B
Change Component Designator: Old Designator=R? New Designator=R2B
Change Component Designator: Old Designator=R? New Designator=R3B
Change Component Designator: Old Designator=R? New Designator=R4B
Change Component Designator: Old Designator=U? New Designator=U1B
Change Component Designator: Old Designator=U? New Designator=U2B
Change Component Designator: Old Designator=Y? New Designator=Y1B
