Change Component Designator: Old Designator=BT? New Designator=BT1D
Change Component Designator: Old Designator=BT? New Designator=BT2D
Change Component Designator: Old Designator=C? New Designator=C1D
Change Component Designator: Old Designator=C? New Designator=C2D
Change Component Designator: Old Designator=C? New Designator=C3D
Change Component Designator: Old Designator=C? New Designator=C4D
Change Component Designator: Old Designator=C? New Designator=C5D
Change Component Designator: Old Designator=C? New Designator=C6D
Change Component Designator: Old Designator=C? New Designator=C7D
Change Component Designator: Old Designator=C? New Designator=C8D
Change Component Designator: Old Designator=D? New Designator=D1D
Change Component Designator: Old Designator=D? New Designator=D2D
Change Component Designator: Old Designator=D? New Designator=D3D
Change Component Designator: Old Designator=IC? New Designator=IC1D
Change Component Designator: Old Designator=IC? New Designator=IC2D
Change Component Designator: Old Designator=IC? New Designator=IC3D
Change Component Designator: Old Designator=Q? New Designator=Q1D
Change Component Designator: Old Designator=R? New Designator=R1D
Change Component Designator: Old Designator=R? New Designator=R2D
Change Component Designator: Old Designator=R? New Designator=R3D
Change Component Designator: Old Designator=R? New Designator=R4D
Change Component Designator: Old Designator=R? New Designator=R5D
Change Component Designator: Old Designator=R? New Designator=R6D
Change Component Designator: Old Designator=R? New Designator=R7D
Change Component Designator: Old Designator=R? New Designator=R8D
Change Component Designator: Old Designator=R? New Designator=R9D
Change Component Designator: Old Designator=R? New Designator=R10D
Change Component Designator: Old Designator=U? New Designator=U1D
Change Component Designator: Old Designator=U? New Designator=U2D
Change Component Designator: Old Designator=U? New Designator=U3D
