Added Component: Designator=EM1C(MASACH MS243-10F)
Add component (AddParameter): Name = "ComponentLink1Description"; Value = "Datasheet"; VariantName = "[No Variations]"
Add component (AddParameter): Name = "ComponentLink1URL"; Value = "https://api.masach.com/media/catalog/product/file/MS243-10.pdf"; VariantName = "[No Variations]"
Add component (AddParameter): Name = "ComponentLink2Description"; Value = "DigiKey Link"; VariantName = "[No Variations]"
Add component (AddParameter): Name = "ComponentLink2URL"; Value = "https://www.digikey.com/en/products/detail/masach-tech-ltd/MS243-10F/15915127"; VariantName = "[No Variations]"
Add component (AddParameter): Name = "Height - Overall"; Value = "0.150" (3.80mm)"; VariantName = "[No Variations]"
Add component (AddParameter): Name = "id"; Value = "2"; VariantName = "[No Variations]"
Add component (AddParameter): Name = "LastUpdated"; Value = "2022-11-25T05:28:36.693"; VariantName = "[No Variations]"
Add component (AddParameter): Name = "Length - Overall"; Value = "0.957" (24.30mm)"; VariantName = "[No Variations]"
Add component (AddParameter): Name = "Lifecycle Status"; Value = "Active"; VariantName = "[No Variations]"
Add component (AddParameter): Name = "Manufacturer"; Value = "Masach Tech Ltd."; VariantName = "[No Variations]"
Add component (AddParameter): Name = "Minimum Order"; Value = "1"; VariantName = "[No Variations]"
Add component (AddParameter): Name = "Mounting Type"; Value = "Solder"; VariantName = "[No Variations]"
Add component (AddParameter): Name = "Packaging"; Value = "Unknown"; VariantName = "[No Variations]"
Add component (AddParameter): Name = "Part Number"; Value = "MS243-10F"; VariantName = "[No Variations]"
Add component (AddParameter): Name = "Part Status"; Value = "Active"; VariantName = "[No Variations]"
Add component (AddParameter): Name = "Price"; Value = "0.53"; VariantName = "[No Variations]"
Add component (AddParameter): Name = "Series"; Value = "Drawn-Seamless EMI/RFI Shields"; VariantName = "[No Variations]"
Add component (AddParameter): Name = "Supplier 1"; Value = "DigiKey"; VariantName = "[No Variations]"
Add component (AddParameter): Name = "Supplier Part Number 1"; Value = "2333-MS243-10F-ND"; VariantName = "[No Variations]"
Add component (AddParameter): Name = "Type"; Value = "Frame"; VariantName = "[No Variations]"
Add component (AddParameter): Name = "Ventilation"; Value = "Non-Vented"; VariantName = "[No Variations]"
Add component (AddParameter): Name = "Width - Overall"; Value = "0.350" (8.90mm)"; VariantName = "[No Variations]"
Added Pin To Net: NetName=GND Pin=EM1C-S
Added Member To Class: ClassName=U_NRF2401 Member=Component EM1C MS243-10F
