Change Component Designator: Old Designator=A? New Designator=A1C
Change Component Designator: Old Designator=C? New Designator=C1C
Change Component Designator: Old Designator=C? New Designator=C2C
Change Component Designator: Old Designator=C? New Designator=C3C
Change Component Designator: Old Designator=C? New Designator=C4C
Change Component Designator: Old Designator=C? New Designator=C5C
Change Component Designator: Old Designator=C? New Designator=C6C
Change Component Designator: Old Designator=C? New Designator=C7C
Change Component Designator: Old Designator=C? New Designator=C8C
Change Component Designator: Old Designator=C? New Designator=C9C
Change Component Designator: Old Designator=C? New Designator=C10C
Change Component Designator: Old Designator=C? New Designator=C11C
Change Component Designator: Old Designator=C? New Designator=C12C
Change Component Designator: Old Designator=C? New Designator=C13C
Change Component Designator: Old Designator=C? New Designator=C14C
Change Component Designator: Old Designator=C? New Designator=C15C
Change Component Designator: Old Designator=C? New Designator=C16C
Change Component Designator: Old Designator=C? New Designator=C17C
Change Component Designator: Old Designator=C? New Designator=C18C
Change Component Designator: Old Designator=C? New Designator=C19C
Change Component Designator: Old Designator=FL? New Designator=FL1C
Change Component Designator: Old Designator=IC? New Designator=IC1C
Change Component Designator: Old Designator=L? New Designator=L1C
Change Component Designator: Old Designator=L? New Designator=L2C
Change Component Designator: Old Designator=L? New Designator=L3C
Change Component Designator: Old Designator=L? New Designator=L4C
Change Component Designator: Old Designator=L? New Designator=L5C
Change Component Designator: Old Designator=R? New Designator=R1C
Change Component Designator: Old Designator=R? New Designator=R2C
Change Component Designator: Old Designator=R? New Designator=R3C
Change Component Designator: Old Designator=R? New Designator=R4C
Change Component Designator: Old Designator=U? New Designator=U1C
Change Component Designator: Old Designator=U? New Designator=U2C
Change Component Designator: Old Designator=Y? New Designator=Y1C
